<?xml version="1.0" encoding="UTF-8"?>
<!-- Generated by org.testng.reporters.JUnitReportReporter -->
<testsuite hostname="LAPTOP-163NGRIC" failures="0" tests="1" name="Amazon_test.Amazon_Test" time="10.370" errors="0" timestamp="2023-12-15T22:10:51 IST" skipped="0">
  <testcase classname="Amazon_test.Amazon_Test" name="amazonTest" time="10.370"/>
  <system-out/>
</testsuite> <!-- Amazon_test.Amazon_Test -->
