<?xml version="1.0" encoding="UTF-8"?>
<!-- Generated by org.testng.reporters.JUnitReportReporter -->
<testsuite hostname="LAPTOP-163NGRIC" failures="0" tests="1" name="p1.Test2" time="6.220" errors="0" timestamp="2023-12-15T18:31:53 IST" skipped="0">
  <testcase classname="p1.Test2" name="add" time="6.220"/>
  <system-out/>
</testsuite> <!-- p1.Test2 -->
